<?xml version="1.0" encoding="UTF-8"?>
<!-- Generated by org.testng.reporters.JUnitReportReporter -->
<testsuite hostname="tealeaf24" name="com.ibm.tealeaf.Testcases.VerifyValidLogin" tests="1" failures="0" timestamp="30 Jan 2017 09:38:05 GMT" time="12.591" errors="0">
  <testcase name="checkValidUser" time="12.591" classname="com.ibm.tealeaf.Testcases.VerifyValidLogin"/>
</testsuite> <!-- com.ibm.tealeaf.Testcases.VerifyValidLogin -->
